<?xml version="1.0" encoding="UTF-8"?>
<!-- Generated by org.testng.reporters.JUnitReportReporter -->
<testsuite hostname="LAPTOP-QD79T6EK" failures="0" tests="1" name="com.qa.pages.testCases.TestBanking" time="1.405" errors="0" timestamp="2022-10-11T19:17:53 EDT" skipped="0">
  <testcase classname="com.qa.pages.testCases.TestBanking" name="openBankSite" time="1.405"/>
  <system-out/>
</testsuite> <!-- com.qa.pages.testCases.TestBanking -->
