<?xml version="1.0" encoding="UTF-8"?>
<!-- Generated by org.testng.reporters.JUnitReportReporter -->
<testsuite hostname="LAPTOP-QD79T6EK" failures="0" tests="1" name="com.store.testcases.ProductLoginTest" time="4.821" errors="0" timestamp="2022-03-13T14:08:08 EDT" skipped="0">
  <testcase classname="com.store.testcases.ProductLoginTest" name="loginTest" time="4.821"/>
  <system-out/>
</testsuite> <!-- com.store.testcases.ProductLoginTest -->
