<?xml version="1.0" encoding="UTF-8"?>
<!-- Generated by org.testng.reporters.JUnitReportReporter -->
<testsuite hostname="LAPTOP-QD79T6EK" failures="0" tests="1" name="com.store.testcases.LoginTest" time="3.683" errors="0" timestamp="2022-04-10T15:28:10 EDT" skipped="0">
  <testcase classname="com.store.testcases.LoginTest" name="testLogin" time="3.683"/>
  <system-out/>
</testsuite> <!-- com.store.testcases.LoginTest -->
