<?xml version="1.0" encoding="UTF-8"?>
<!-- Generated by org.testng.reporters.JUnitReportReporter -->
<testsuite hostname="LAPTOP-QD79T6EK" failures="0" tests="1" name="com.swag.testcases.ChromeTest" time="1.214" errors="0" timestamp="2022-03-27T11:40:26 EDT" skipped="0">
  <testcase classname="com.swag.testcases.ChromeTest" name="testOne" time="1.214"/>
  <system-out/>
</testsuite> <!-- com.swag.testcases.ChromeTest -->
