<?xml version="1.0" encoding="UTF-8"?>
<!-- Generated by org.testng.reporters.JUnitReportReporter -->
<testsuite hostname="LAPTOP-QD79T6EK" failures="0" tests="1" name="com.swag.testcases.SwagLoginTest" time="4.609" errors="0" timestamp="2022-03-19T11:32:38 EDT" skipped="0">
  <testcase classname="com.swag.testcases.SwagLoginTest" name="loginTest" time="4.609"/>
  <system-out/>
</testsuite> <!-- com.swag.testcases.SwagLoginTest -->
