<?xml version="1.0" encoding="UTF-8"?>
<!-- Generated by org.testng.reporters.JUnitReportReporter -->
<testsuite hostname="LAPTOP-QD79T6EK" failures="0" tests="1" name="com.store.testcases.ProductLoginTest" time="2.418" errors="0" timestamp="2022-03-17T19:45:44 EDT" skipped="0">
  <testcase classname="com.store.testcases.ProductLoginTest" name="loginTest" time="2.418"/>
  <system-out/>
</testsuite> <!-- com.store.testcases.ProductLoginTest -->
